0 silly input []
1 silly flags { _: [ 'bootstrap' ],
1 silly flags   'reject-cycles': false,
1 silly flags   rejectCycles: false,
1 silly flags   'npm-client': 'yarn',
1 silly flags   npmClient: 'yarn',
1 silly flags   args: [] }
2 verbose rootPath /Users/v.sorokobatko/Develop/Github/storybook-readme
3 info version 2.5.1
4 silly existsSync /Users/v.sorokobatko/Develop/Github/storybook-readme/VERSION
5 silly initialize attempt
6 silly npmConfig { registry: undefined,
6 silly npmConfig   npmClient: 'yarn',
6 silly npmConfig   npmClientArgs: undefined,
6 silly npmConfig   mutex: 'network:42424' }
7 silly initialize success
8 silly execute attempt
9 info Bootstrapping 3 packages
10 info lifecycle preinstall
11 silly runScript preinstall storybook-readme
12 silly storybook-readme
13 silly runScript preinstall example-react
14 silly example-react
15 silly runScript preinstall example-vue
16 silly example-vue
17 silly hasMatchingDependency example-react storybook-readme
18 silly hasMatchingDependency example-vue storybook-readme
19 silly hasDependencyInstalled example-react @storybook/react
20 silly dependencyIsSatisfied [ '@storybook/react',
20 silly dependencyIsSatisfied   '^3.2.15',
20 silly dependencyIsSatisfied   '/Users/v.sorokobatko/Develop/Github/storybook-readme/packages/example-react/node_modules' ]
21 verbose dependencyIsSatisfied @storybook/react false
22 silly hasDependencyInstalled example-react cross-env
23 silly dependencyIsSatisfied [ 'cross-env',
23 silly dependencyIsSatisfied   '^5.1.1',
23 silly dependencyIsSatisfied   '/Users/v.sorokobatko/Develop/Github/storybook-readme/packages/example-react/node_modules' ]
24 verbose dependencyIsSatisfied cross-env false
25 silly hasDependencyInstalled example-vue cross-env
26 silly dependencyIsSatisfied [ 'cross-env',
26 silly dependencyIsSatisfied   '^5.1.1',
26 silly dependencyIsSatisfied   '/Users/v.sorokobatko/Develop/Github/storybook-readme/packages/example-vue/node_modules' ]
27 verbose dependencyIsSatisfied cross-env false
28 silly hasDependencyInstalled storybook-readme cross-env
29 silly dependencyIsSatisfied [ 'cross-env',
29 silly dependencyIsSatisfied   '^5.1.1',
29 silly dependencyIsSatisfied   '/Users/v.sorokobatko/Develop/Github/storybook-readme/packages/storybook-readme/node_modules' ]
30 verbose dependencyIsSatisfied cross-env false
31 silly hasDependencyInstalled example-react vue
32 silly dependencyIsSatisfied [ 'vue',
32 silly dependencyIsSatisfied   '^2.5.3',
32 silly dependencyIsSatisfied   '/Users/v.sorokobatko/Develop/Github/storybook-readme/packages/example-react/node_modules' ]
33 verbose dependencyIsSatisfied vue false
34 silly hasDependencyInstalled example-vue vue
35 silly dependencyIsSatisfied [ 'vue',
35 silly dependencyIsSatisfied   '^2.5.3',
35 silly dependencyIsSatisfied   '/Users/v.sorokobatko/Develop/Github/storybook-readme/packages/example-vue/node_modules' ]
36 verbose dependencyIsSatisfied vue false
37 silly hasDependencyInstalled example-react vue-hot-reload-api
38 silly dependencyIsSatisfied [ 'vue-hot-reload-api',
38 silly dependencyIsSatisfied   '^2.2.3',
38 silly dependencyIsSatisfied   '/Users/v.sorokobatko/Develop/Github/storybook-readme/packages/example-react/node_modules' ]
39 verbose dependencyIsSatisfied vue-hot-reload-api false
40 silly hasDependencyInstalled example-vue vue-hot-reload-api
41 silly dependencyIsSatisfied [ 'vue-hot-reload-api',
41 silly dependencyIsSatisfied   '^2.2.3',
41 silly dependencyIsSatisfied   '/Users/v.sorokobatko/Develop/Github/storybook-readme/packages/example-vue/node_modules' ]
42 verbose dependencyIsSatisfied vue-hot-reload-api false
43 silly hasDependencyInstalled example-react vue-loader
44 silly dependencyIsSatisfied [ 'vue-loader',
44 silly dependencyIsSatisfied   '^13.5.0',
44 silly dependencyIsSatisfied   '/Users/v.sorokobatko/Develop/Github/storybook-readme/packages/example-react/node_modules' ]
45 verbose dependencyIsSatisfied vue-loader false
46 silly hasDependencyInstalled example-vue vue-loader
47 silly dependencyIsSatisfied [ 'vue-loader',
47 silly dependencyIsSatisfied   '^13.5.0',
47 silly dependencyIsSatisfied   '/Users/v.sorokobatko/Develop/Github/storybook-readme/packages/example-vue/node_modules' ]
48 verbose dependencyIsSatisfied vue-loader false
49 silly hasDependencyInstalled example-react vue-style-loader
50 silly dependencyIsSatisfied [ 'vue-style-loader',
50 silly dependencyIsSatisfied   '^3.0.3',
50 silly dependencyIsSatisfied   '/Users/v.sorokobatko/Develop/Github/storybook-readme/packages/example-react/node_modules' ]
51 verbose dependencyIsSatisfied vue-style-loader false
52 silly hasDependencyInstalled example-vue vue-style-loader
53 silly dependencyIsSatisfied [ 'vue-style-loader',
53 silly dependencyIsSatisfied   '^3.0.3',
53 silly dependencyIsSatisfied   '/Users/v.sorokobatko/Develop/Github/storybook-readme/packages/example-vue/node_modules' ]
54 verbose dependencyIsSatisfied vue-style-loader false
55 silly hasDependencyInstalled example-react vue-template-compiler
56 silly dependencyIsSatisfied [ 'vue-template-compiler',
56 silly dependencyIsSatisfied   '^2.5.3',
56 silly dependencyIsSatisfied   '/Users/v.sorokobatko/Develop/Github/storybook-readme/packages/example-react/node_modules' ]
57 verbose dependencyIsSatisfied vue-template-compiler false
58 silly hasDependencyInstalled example-vue vue-template-compiler
59 silly dependencyIsSatisfied [ 'vue-template-compiler',
59 silly dependencyIsSatisfied   '^2.5.3',
59 silly dependencyIsSatisfied   '/Users/v.sorokobatko/Develop/Github/storybook-readme/packages/example-vue/node_modules' ]
60 verbose dependencyIsSatisfied vue-template-compiler false
61 silly hasDependencyInstalled example-react @storybook/addon-info
62 silly dependencyIsSatisfied [ '@storybook/addon-info',
62 silly dependencyIsSatisfied   '^3.2.15',
62 silly dependencyIsSatisfied   '/Users/v.sorokobatko/Develop/Github/storybook-readme/packages/example-react/node_modules' ]
63 verbose dependencyIsSatisfied @storybook/addon-info false
64 silly hasDependencyInstalled example-vue @storybook/addon-info
65 silly dependencyIsSatisfied [ '@storybook/addon-info',
65 silly dependencyIsSatisfied   '^3.2.15',
65 silly dependencyIsSatisfied   '/Users/v.sorokobatko/Develop/Github/storybook-readme/packages/example-vue/node_modules' ]
66 verbose dependencyIsSatisfied @storybook/addon-info false
67 silly hasDependencyInstalled example-react @storybook/addon-knobs
68 silly dependencyIsSatisfied [ '@storybook/addon-knobs',
68 silly dependencyIsSatisfied   '^3.2.15',
68 silly dependencyIsSatisfied   '/Users/v.sorokobatko/Develop/Github/storybook-readme/packages/example-react/node_modules' ]
69 verbose dependencyIsSatisfied @storybook/addon-knobs false
70 silly hasDependencyInstalled example-vue @storybook/addon-knobs
71 silly dependencyIsSatisfied [ '@storybook/addon-knobs',
71 silly dependencyIsSatisfied   '^3.2.15',
71 silly dependencyIsSatisfied   '/Users/v.sorokobatko/Develop/Github/storybook-readme/packages/example-vue/node_modules' ]
72 verbose dependencyIsSatisfied @storybook/addon-knobs false
73 silly hasDependencyInstalled example-react @storybook/addon-options
74 silly dependencyIsSatisfied [ '@storybook/addon-options',
74 silly dependencyIsSatisfied   '^3.2.15',
74 silly dependencyIsSatisfied   '/Users/v.sorokobatko/Develop/Github/storybook-readme/packages/example-react/node_modules' ]
75 verbose dependencyIsSatisfied @storybook/addon-options false
76 silly hasDependencyInstalled example-vue @storybook/addon-options
77 silly dependencyIsSatisfied [ '@storybook/addon-options',
77 silly dependencyIsSatisfied   '^3.2.15',
77 silly dependencyIsSatisfied   '/Users/v.sorokobatko/Develop/Github/storybook-readme/packages/example-vue/node_modules' ]
78 verbose dependencyIsSatisfied @storybook/addon-options false
79 silly hasDependencyInstalled example-react @storybook/addons
80 silly dependencyIsSatisfied [ '@storybook/addons',
80 silly dependencyIsSatisfied   '^3.2.15',
80 silly dependencyIsSatisfied   '/Users/v.sorokobatko/Develop/Github/storybook-readme/packages/example-react/node_modules' ]
81 verbose dependencyIsSatisfied @storybook/addons false
82 silly hasDependencyInstalled example-vue @storybook/addons
83 silly dependencyIsSatisfied [ '@storybook/addons',
83 silly dependencyIsSatisfied   '^3.2.15',
83 silly dependencyIsSatisfied   '/Users/v.sorokobatko/Develop/Github/storybook-readme/packages/example-vue/node_modules' ]
84 verbose dependencyIsSatisfied @storybook/addons false
85 silly hasDependencyInstalled example-react html-loader
86 silly dependencyIsSatisfied [ 'html-loader',
86 silly dependencyIsSatisfied   '^0.5.1',
86 silly dependencyIsSatisfied   '/Users/v.sorokobatko/Develop/Github/storybook-readme/packages/example-react/node_modules' ]
87 verbose dependencyIsSatisfied html-loader false
88 silly hasDependencyInstalled example-vue html-loader
89 silly dependencyIsSatisfied [ 'html-loader',
89 silly dependencyIsSatisfied   '^0.5.1',
89 silly dependencyIsSatisfied   '/Users/v.sorokobatko/Develop/Github/storybook-readme/packages/example-vue/node_modules' ]
90 verbose dependencyIsSatisfied html-loader false
91 silly hasDependencyInstalled example-react markdown-loader
92 silly dependencyIsSatisfied [ 'markdown-loader',
92 silly dependencyIsSatisfied   '^2.0.1',
92 silly dependencyIsSatisfied   '/Users/v.sorokobatko/Develop/Github/storybook-readme/packages/example-react/node_modules' ]
93 verbose dependencyIsSatisfied markdown-loader false
94 silly hasDependencyInstalled example-vue markdown-loader
95 silly dependencyIsSatisfied [ 'markdown-loader',
95 silly dependencyIsSatisfied   '^2.0.1',
95 silly dependencyIsSatisfied   '/Users/v.sorokobatko/Develop/Github/storybook-readme/packages/example-vue/node_modules' ]
96 verbose dependencyIsSatisfied markdown-loader false
97 silly hasDependencyInstalled example-vue @storybook/vue
98 silly dependencyIsSatisfied [ '@storybook/vue',
98 silly dependencyIsSatisfied   '^3.2.15',
98 silly dependencyIsSatisfied   '/Users/v.sorokobatko/Develop/Github/storybook-readme/packages/example-vue/node_modules' ]
99 verbose dependencyIsSatisfied @storybook/vue false
100 silly hasDependencyInstalled storybook-readme lodash
101 silly dependencyIsSatisfied [ 'lodash',
101 silly dependencyIsSatisfied   '^4.17.4',
101 silly dependencyIsSatisfied   '/Users/v.sorokobatko/Develop/Github/storybook-readme/packages/storybook-readme/node_modules' ]
102 verbose dependencyIsSatisfied lodash false
103 silly hasDependencyInstalled storybook-readme prismjs
104 silly dependencyIsSatisfied [ 'prismjs',
104 silly dependencyIsSatisfied   '^1.8.4',
104 silly dependencyIsSatisfied   '/Users/v.sorokobatko/Develop/Github/storybook-readme/packages/storybook-readme/node_modules' ]
105 verbose dependencyIsSatisfied prismjs false
106 silly hasDependencyInstalled storybook-readme react-remarkable
107 silly dependencyIsSatisfied [ 'react-remarkable',
107 silly dependencyIsSatisfied   '^1.1.3',
107 silly dependencyIsSatisfied   '/Users/v.sorokobatko/Develop/Github/storybook-readme/packages/storybook-readme/node_modules' ]
108 verbose dependencyIsSatisfied react-remarkable false
109 silly hasDependencyInstalled storybook-readme string-raw
110 silly dependencyIsSatisfied [ 'string-raw',
110 silly dependencyIsSatisfied   '^1.0.1',
110 silly dependencyIsSatisfied   '/Users/v.sorokobatko/Develop/Github/storybook-readme/packages/storybook-readme/node_modules' ]
111 verbose dependencyIsSatisfied string-raw false
112 silly root dependencies []
113 silly leaf dependencies {
113 silly leaf dependencies   "example-react": [
113 silly leaf dependencies     {
113 silly leaf dependencies       "dependency": "@storybook/react@^3.2.15",
113 silly leaf dependencies       "isSatisfied": false
113 silly leaf dependencies     },
113 silly leaf dependencies     {
113 silly leaf dependencies       "dependency": "cross-env@^5.1.1",
113 silly leaf dependencies       "isSatisfied": false
113 silly leaf dependencies     },
113 silly leaf dependencies     {
113 silly leaf dependencies       "dependency": "vue@^2.5.3",
113 silly leaf dependencies       "isSatisfied": false
113 silly leaf dependencies     },
113 silly leaf dependencies     {
113 silly leaf dependencies       "dependency": "vue-hot-reload-api@^2.2.3",
113 silly leaf dependencies       "isSatisfied": false
113 silly leaf dependencies     },
113 silly leaf dependencies     {
113 silly leaf dependencies       "dependency": "vue-loader@^13.5.0",
113 silly leaf dependencies       "isSatisfied": false
113 silly leaf dependencies     },
113 silly leaf dependencies     {
113 silly leaf dependencies       "dependency": "vue-style-loader@^3.0.3",
113 silly leaf dependencies       "isSatisfied": false
113 silly leaf dependencies     },
113 silly leaf dependencies     {
113 silly leaf dependencies       "dependency": "vue-template-compiler@^2.5.3",
113 silly leaf dependencies       "isSatisfied": false
113 silly leaf dependencies     },
113 silly leaf dependencies     {
113 silly leaf dependencies       "dependency": "@storybook/addon-info@^3.2.15",
113 silly leaf dependencies       "isSatisfied": false
113 silly leaf dependencies     },
113 silly leaf dependencies     {
113 silly leaf dependencies       "dependency": "@storybook/addon-knobs@^3.2.15",
113 silly leaf dependencies       "isSatisfied": false
113 silly leaf dependencies     },
113 silly leaf dependencies     {
113 silly leaf dependencies       "dependency": "@storybook/addon-options@^3.2.15",
113 silly leaf dependencies       "isSatisfied": false
113 silly leaf dependencies     },
113 silly leaf dependencies     {
113 silly leaf dependencies       "dependency": "@storybook/addons@^3.2.15",
113 silly leaf dependencies       "isSatisfied": false
113 silly leaf dependencies     },
113 silly leaf dependencies     {
113 silly leaf dependencies       "dependency": "html-loader@^0.5.1",
113 silly leaf dependencies       "isSatisfied": false
113 silly leaf dependencies     },
113 silly leaf dependencies     {
113 silly leaf dependencies       "dependency": "markdown-loader@^2.0.1",
113 silly leaf dependencies       "isSatisfied": false
113 silly leaf dependencies     }
113 silly leaf dependencies   ],
113 silly leaf dependencies   "example-vue": [
113 silly leaf dependencies     {
113 silly leaf dependencies       "dependency": "cross-env@^5.1.1",
113 silly leaf dependencies       "isSatisfied": false
113 silly leaf dependencies     },
113 silly leaf dependencies     {
113 silly leaf dependencies       "dependency": "vue@^2.5.3",
113 silly leaf dependencies       "isSatisfied": false
113 silly leaf dependencies     },
113 silly leaf dependencies     {
113 silly leaf dependencies       "dependency": "vue-hot-reload-api@^2.2.3",
113 silly leaf dependencies       "isSatisfied": false
113 silly leaf dependencies     },
113 silly leaf dependencies     {
113 silly leaf dependencies       "dependency": "vue-loader@^13.5.0",
113 silly leaf dependencies       "isSatisfied": false
113 silly leaf dependencies     },
113 silly leaf dependencies     {
113 silly leaf dependencies       "dependency": "vue-style-loader@^3.0.3",
113 silly leaf dependencies       "isSatisfied": false
113 silly leaf dependencies     },
113 silly leaf dependencies     {
113 silly leaf dependencies       "dependency": "vue-template-compiler@^2.5.3",
113 silly leaf dependencies       "isSatisfied": false
113 silly leaf dependencies     },
113 silly leaf dependencies     {
113 silly leaf dependencies       "dependency": "@storybook/addon-info@^3.2.15",
113 silly leaf dependencies       "isSatisfied": false
113 silly leaf dependencies     },
113 silly leaf dependencies     {
113 silly leaf dependencies       "dependency": "@storybook/addon-knobs@^3.2.15",
113 silly leaf dependencies       "isSatisfied": false
113 silly leaf dependencies     },
113 silly leaf dependencies     {
113 silly leaf dependencies       "dependency": "@storybook/addon-options@^3.2.15",
113 silly leaf dependencies       "isSatisfied": false
113 silly leaf dependencies     },
113 silly leaf dependencies     {
113 silly leaf dependencies       "dependency": "@storybook/addons@^3.2.15",
113 silly leaf dependencies       "isSatisfied": false
113 silly leaf dependencies     },
113 silly leaf dependencies     {
113 silly leaf dependencies       "dependency": "html-loader@^0.5.1",
113 silly leaf dependencies       "isSatisfied": false
113 silly leaf dependencies     },
113 silly leaf dependencies     {
113 silly leaf dependencies       "dependency": "markdown-loader@^2.0.1",
113 silly leaf dependencies       "isSatisfied": false
113 silly leaf dependencies     },
113 silly leaf dependencies     {
113 silly leaf dependencies       "dependency": "@storybook/vue@^3.2.15",
113 silly leaf dependencies       "isSatisfied": false
113 silly leaf dependencies     }
113 silly leaf dependencies   ],
113 silly leaf dependencies   "storybook-readme": [
113 silly leaf dependencies     {
113 silly leaf dependencies       "dependency": "cross-env@^5.1.1",
113 silly leaf dependencies       "isSatisfied": false
113 silly leaf dependencies     },
113 silly leaf dependencies     {
113 silly leaf dependencies       "dependency": "lodash@^4.17.4",
113 silly leaf dependencies       "isSatisfied": false
113 silly leaf dependencies     },
113 silly leaf dependencies     {
113 silly leaf dependencies       "dependency": "prismjs@^1.8.4",
113 silly leaf dependencies       "isSatisfied": false
113 silly leaf dependencies     },
113 silly leaf dependencies     {
113 silly leaf dependencies       "dependency": "react-remarkable@^1.1.3",
113 silly leaf dependencies       "isSatisfied": false
113 silly leaf dependencies     },
113 silly leaf dependencies     {
113 silly leaf dependencies       "dependency": "string-raw@^1.0.1",
113 silly leaf dependencies       "isSatisfied": false
113 silly leaf dependencies     }
113 silly leaf dependencies   ]
113 silly leaf dependencies }
114 info Installing external dependencies
115 verbose actions 3 actions, concurrency 4
116 silly installInDir example-react [ '@storybook/react@^3.2.15',
116 silly installInDir   'cross-env@^5.1.1',
116 silly installInDir   'vue@^2.5.3',
116 silly installInDir   'vue-hot-reload-api@^2.2.3',
116 silly installInDir   'vue-loader@^13.5.0',
116 silly installInDir   'vue-style-loader@^3.0.3',
116 silly installInDir   'vue-template-compiler@^2.5.3',
116 silly installInDir   '@storybook/addon-info@^3.2.15',
116 silly installInDir   '@storybook/addon-knobs@^3.2.15',
116 silly installInDir   '@storybook/addon-options@^3.2.15',
116 silly installInDir   '@storybook/addons@^3.2.15',
116 silly installInDir   'html-loader@^0.5.1',
116 silly installInDir   'markdown-loader@^2.0.1' ]
117 silly installInDir backup /Users/v.sorokobatko/Develop/Github/storybook-readme/packages/example-react/package.json
118 silly rename [ '/Users/v.sorokobatko/Develop/Github/storybook-readme/packages/example-react/package.json',
118 silly rename   '/Users/v.sorokobatko/Develop/Github/storybook-readme/packages/example-react/package.json.lerna_backup' ]
119 silly installInDir example-vue [ 'cross-env@^5.1.1',
119 silly installInDir   'vue@^2.5.3',
119 silly installInDir   'vue-hot-reload-api@^2.2.3',
119 silly installInDir   'vue-loader@^13.5.0',
119 silly installInDir   'vue-style-loader@^3.0.3',
119 silly installInDir   'vue-template-compiler@^2.5.3',
119 silly installInDir   '@storybook/addon-info@^3.2.15',
119 silly installInDir   '@storybook/addon-knobs@^3.2.15',
119 silly installInDir   '@storybook/addon-options@^3.2.15',
119 silly installInDir   '@storybook/addons@^3.2.15',
119 silly installInDir   'html-loader@^0.5.1',
119 silly installInDir   'markdown-loader@^2.0.1',
119 silly installInDir   '@storybook/vue@^3.2.15' ]
120 silly installInDir backup /Users/v.sorokobatko/Develop/Github/storybook-readme/packages/example-vue/package.json
121 silly rename [ '/Users/v.sorokobatko/Develop/Github/storybook-readme/packages/example-vue/package.json',
121 silly rename   '/Users/v.sorokobatko/Develop/Github/storybook-readme/packages/example-vue/package.json.lerna_backup' ]
122 silly installInDir storybook-readme [ 'cross-env@^5.1.1',
122 silly installInDir   'lodash@^4.17.4',
122 silly installInDir   'prismjs@^1.8.4',
122 silly installInDir   'react-remarkable@^1.1.3',
122 silly installInDir   'string-raw@^1.0.1' ]
123 silly installInDir backup /Users/v.sorokobatko/Develop/Github/storybook-readme/packages/storybook-readme/package.json
124 silly rename [ '/Users/v.sorokobatko/Develop/Github/storybook-readme/packages/storybook-readme/package.json',
124 silly rename   '/Users/v.sorokobatko/Develop/Github/storybook-readme/packages/storybook-readme/package.json.lerna_backup' ]
125 silly installInDir writing tempJson { dependencies:
125 silly installInDir    { 'cross-env': '^5.1.1',
125 silly installInDir      vue: '^2.5.3',
125 silly installInDir      'vue-hot-reload-api': '^2.2.3',
125 silly installInDir      'vue-loader': '^13.5.0',
125 silly installInDir      'vue-style-loader': '^3.0.3',
125 silly installInDir      'vue-template-compiler': '^2.5.3',
125 silly installInDir      '@storybook/addon-info': '^3.2.15',
125 silly installInDir      '@storybook/addon-knobs': '^3.2.15',
125 silly installInDir      '@storybook/addon-options': '^3.2.15',
125 silly installInDir      '@storybook/addons': '^3.2.15',
125 silly installInDir      'html-loader': '^0.5.1',
125 silly installInDir      'markdown-loader': '^2.0.1',
125 silly installInDir      '@storybook/vue': '^3.2.15' } }
126 silly installInDir writing tempJson { dependencies:
126 silly installInDir    { 'cross-env': '^5.1.1',
126 silly installInDir      lodash: '^4.17.4',
126 silly installInDir      prismjs: '^1.8.4',
126 silly installInDir      'react-remarkable': '^1.1.3',
126 silly installInDir      'string-raw': '^1.0.1' } }
127 silly installInDir writing tempJson { dependencies:
127 silly installInDir    { '@storybook/react': '^3.2.15',
127 silly installInDir      'cross-env': '^5.1.1',
127 silly installInDir      vue: '^2.5.3',
127 silly installInDir      'vue-hot-reload-api': '^2.2.3',
127 silly installInDir      'vue-loader': '^13.5.0',
127 silly installInDir      'vue-style-loader': '^3.0.3',
127 silly installInDir      'vue-template-compiler': '^2.5.3',
127 silly installInDir      '@storybook/addon-info': '^3.2.15',
127 silly installInDir      '@storybook/addon-knobs': '^3.2.15',
127 silly installInDir      '@storybook/addon-options': '^3.2.15',
127 silly installInDir      '@storybook/addons': '^3.2.15',
127 silly installInDir      'html-loader': '^0.5.1',
127 silly installInDir      'markdown-loader': '^2.0.1' } }
128 silly getExecOpts { cwd: '/Users/v.sorokobatko/Develop/Github/storybook-readme/packages/example-vue' }
129 silly installInDir [ 'yarn',
129 silly installInDir   [ 'install', '--mutex', 'network:42424', '--non-interactive' ] ]
130 silly getExecOpts { cwd: '/Users/v.sorokobatko/Develop/Github/storybook-readme/packages/storybook-readme' }
131 silly installInDir [ 'yarn',
131 silly installInDir   [ 'install', '--mutex', 'network:42424', '--non-interactive' ] ]
132 silly getExecOpts { cwd: '/Users/v.sorokobatko/Develop/Github/storybook-readme/packages/example-react' }
133 silly installInDir [ 'yarn',
133 silly installInDir   [ 'install', '--mutex', 'network:42424', '--non-interactive' ] ]
134 silly installInDir cleanup /Users/v.sorokobatko/Develop/Github/storybook-readme/packages/example-vue/package.json
135 silly renameSync [ '/Users/v.sorokobatko/Develop/Github/storybook-readme/packages/example-vue/package.json.lerna_backup',
135 silly renameSync   '/Users/v.sorokobatko/Develop/Github/storybook-readme/packages/example-vue/package.json' ]
136 verbose installed leaf example-vue
137 silly installInDir cleanup /Users/v.sorokobatko/Develop/Github/storybook-readme/packages/storybook-readme/package.json
138 silly renameSync [ '/Users/v.sorokobatko/Develop/Github/storybook-readme/packages/storybook-readme/package.json.lerna_backup',
138 silly renameSync   '/Users/v.sorokobatko/Develop/Github/storybook-readme/packages/storybook-readme/package.json' ]
139 verbose installed leaf storybook-readme
140 silly installInDir cleanup /Users/v.sorokobatko/Develop/Github/storybook-readme/packages/example-react/package.json
141 silly renameSync [ '/Users/v.sorokobatko/Develop/Github/storybook-readme/packages/example-react/package.json.lerna_backup',
141 silly renameSync   '/Users/v.sorokobatko/Develop/Github/storybook-readme/packages/example-react/package.json' ]
142 verbose installed leaf example-react
143 info Symlinking packages and binaries
144 silly existsSync /Users/v.sorokobatko/Develop/Github/storybook-readme/packages/storybook-readme/package.json
145 silly hasMatchingDependency example-react storybook-readme
146 silly existsSync /Users/v.sorokobatko/Develop/Github/storybook-readme/packages/example-react/node_modules/storybook-readme
147 silly existsSync /Users/v.sorokobatko/Develop/Github/storybook-readme/packages/storybook-readme/package.json
148 silly hasMatchingDependency example-vue storybook-readme
149 silly existsSync /Users/v.sorokobatko/Develop/Github/storybook-readme/packages/example-vue/node_modules/storybook-readme
150 silly mkdirp /Users/v.sorokobatko/Develop/Github/storybook-readme/packages/example-react/node_modules
151 silly symlink [ '/Users/v.sorokobatko/Develop/Github/storybook-readme/packages/storybook-readme',
151 silly symlink   '/Users/v.sorokobatko/Develop/Github/storybook-readme/packages/example-react/node_modules/storybook-readme',
151 silly symlink   'junction' ]
152 silly createSymbolicLink [ '../../storybook-readme',
152 silly createSymbolicLink   '/Users/v.sorokobatko/Develop/Github/storybook-readme/packages/example-react/node_modules/storybook-readme',
152 silly createSymbolicLink   'junction' ]
153 silly packageActions finished example-react
154 silly mkdirp /Users/v.sorokobatko/Develop/Github/storybook-readme/packages/example-vue/node_modules
155 silly symlink [ '/Users/v.sorokobatko/Develop/Github/storybook-readme/packages/storybook-readme',
155 silly symlink   '/Users/v.sorokobatko/Develop/Github/storybook-readme/packages/example-vue/node_modules/storybook-readme',
155 silly symlink   'junction' ]
156 silly createSymbolicLink [ '../../storybook-readme',
156 silly createSymbolicLink   '/Users/v.sorokobatko/Develop/Github/storybook-readme/packages/example-vue/node_modules/storybook-readme',
156 silly createSymbolicLink   'junction' ]
157 silly packageActions finished example-vue
158 silly packageActions finished storybook-readme
159 info lifecycle postinstall
160 silly runScript postinstall storybook-readme
161 silly storybook-readme
162 silly runScript postinstall example-react
163 silly example-react
164 silly runScript postinstall example-vue
165 silly example-vue
166 info lifecycle prepublish
167 silly runScript prepublish storybook-readme
168 silly runScriptInDir prepublish [] storybook-readme
169 silly getExecOpts { cwd: '/Users/v.sorokobatko/Develop/Github/storybook-readme/packages/storybook-readme' }
170 silly storybook-readme
171 error execute Error occured with 'storybook-readme' while running 'npm run prepublish'
172 error npm run prepublish [storybook-readme] Output from stdout:
173 error npm run prepublish [storybook-readme] Output from stderr:
174 error execute Error occured with 'storybook-readme' while running 'npm run prepublish'
